TN:
SF:app.js
FNF:0
FNH:0
DA:1,1
DA:2,1
DA:3,1
DA:4,1
DA:5,1
DA:6,1
DA:7,1
DA:8,1
DA:9,1
DA:10,1
DA:11,1
DA:12,1
DA:13,1
DA:14,1
DA:15,1
DA:16,1
DA:17,1
DA:18,1
DA:19,1
DA:20,1
DA:21,1
DA:22,1
DA:23,1
DA:24,1
DA:25,1
DA:26,1
DA:27,1
DA:28,1
DA:29,1
DA:30,1
DA:31,1
DA:32,1
DA:33,1
DA:34,1
DA:35,1
DA:36,1
DA:37,1
DA:38,1
DA:39,1
DA:40,1
DA:41,1
DA:42,1
LF:42
LH:42
BRDA:1,0,0,1
BRDA:26,1,0,1
BRDA:37,2,0,1
BRF:3
BRH:3
end_of_record
TN:
SF:routes\auth.js
FN:8,hashPassword
FN:18,verifyPassword
FNF:2
FNH:2
FNDA:6,hashPassword
FNDA:4,verifyPassword
DA:1,1
DA:2,1
DA:3,1
DA:4,1
DA:5,1
DA:6,1
DA:7,1
DA:8,6
DA:9,6
DA:10,6
DA:11,6
DA:12,5
DA:13,5
DA:14,6
DA:15,6
DA:16,6
DA:17,1
DA:18,4
DA:19,4
DA:20,4
DA:21,4
DA:22,4
DA:23,4
DA:24,4
DA:25,4
DA:26,4
DA:27,4
DA:28,1
DA:29,8
DA:30,8
DA:31,8
DA:32,8
DA:33,8
DA:34,2
DA:35,2
DA:36,6
DA:37,6
DA:38,5
DA:39,5
DA:40,5
DA:41,5
DA:42,5
DA:43,5
DA:44,8
DA:45,1
DA:46,1
DA:47,1
DA:48,1
DA:49,1
DA:50,1
DA:51,8
DA:52,8
DA:53,8
DA:54,8
DA:55,8
DA:56,4
DA:57,4
DA:58,4
DA:59,4
DA:60,4
DA:61,4
DA:62,4
DA:63,8
DA:64,2
DA:65,2
DA:66,2
DA:67,2
DA:68,2
DA:69,2
DA:70,8
DA:71,0
DA:72,0
DA:73,0
DA:74,1
DA:75,1
DA:76,1
LF:76
LH:73
BRDA:1,0,0,1
BRDA:8,1,0,6
BRDA:9,2,0,6
BRDA:11,3,0,5
BRDA:12,4,0,0
BRDA:18,5,0,4
BRDA:20,6,0,4
BRDA:21,7,0,4
BRDA:22,8,0,0
BRDA:28,9,0,8
BRDA:33,10,0,2
BRDA:36,11,0,6
BRDA:38,12,0,5
BRDA:44,13,0,1
BRDA:50,14,0,8
BRDA:55,15,0,4
BRDA:63,16,0,2
BRDA:70,17,0,0
BRF:18
BRH:15
end_of_record
TN:
SF:routes\chats.js
FNF:0
FNH:0
DA:1,1
DA:2,1
DA:3,1
DA:4,1
DA:5,1
DA:6,1
DA:7,1
DA:8,1
DA:9,1
DA:10,1
DA:11,1
DA:12,1
DA:13,1
DA:14,1
DA:15,1
DA:16,1
DA:17,1
DA:18,1
DA:19,0
DA:20,0
DA:21,0
DA:22,1
DA:23,1
DA:24,1
DA:25,2
DA:26,2
DA:27,2
DA:28,2
DA:29,2
DA:30,2
DA:31,0
DA:32,0
DA:33,0
DA:34,1
DA:35,1
DA:36,1
DA:37,5
DA:38,5
DA:39,5
DA:40,1
DA:41,1
DA:42,4
DA:43,4
DA:44,4
DA:45,4
DA:46,5
DA:47,0
DA:48,0
DA:49,0
DA:50,1
DA:51,1
DA:52,1
LF:52
LH:43
BRDA:1,0,0,1
BRDA:8,1,0,1
BRDA:18,2,0,0
BRDA:24,3,0,2
BRDA:30,4,0,0
BRDA:36,5,0,5
BRDA:39,6,0,1
BRDA:42,7,0,4
BRDA:46,8,0,0
BRF:9
BRH:6
end_of_record
TN:
SF:routes\historicals.js
FNF:0
FNH:0
DA:1,1
DA:2,1
DA:3,1
DA:4,1
DA:5,1
DA:6,1
DA:7,1
DA:8,1
DA:9,1
DA:10,2
DA:11,2
DA:12,2
DA:13,1
DA:14,1
DA:15,1
DA:16,1
DA:17,1
DA:18,1
DA:19,1
DA:20,1
DA:21,1
DA:22,2
DA:23,0
DA:24,0
DA:25,0
DA:26,1
DA:27,1
DA:28,1
DA:29,3
DA:30,3
DA:31,3
DA:32,3
DA:33,3
DA:34,3
DA:35,1
DA:36,1
DA:37,2
DA:38,2
DA:39,3
DA:40,0
DA:41,0
DA:42,0
DA:43,1
DA:44,1
DA:45,1
DA:46,2
DA:47,2
DA:48,2
DA:49,2
DA:50,2
DA:51,2
DA:52,2
DA:53,1
DA:54,1
DA:55,1
DA:56,1
DA:57,2
DA:58,0
DA:59,0
DA:60,0
DA:61,1
DA:62,1
DA:63,1
LF:63
LH:54
BRDA:1,0,0,1
BRDA:9,1,0,2
BRDA:12,2,0,1
BRDA:22,3,0,0
BRDA:28,4,0,3
BRDA:34,5,0,1
BRDA:37,6,0,2
BRDA:39,7,0,0
BRDA:45,8,0,2
BRDA:52,9,0,1
BRDA:57,10,0,0
BRF:11
BRH:8
end_of_record
TN:
SF:routes\users.js
FNF:0
FNH:0
DA:1,1
DA:2,1
DA:3,1
DA:4,1
DA:5,1
DA:6,1
DA:7,2
DA:8,2
DA:9,2
DA:10,2
DA:11,2
DA:12,1
DA:13,1
DA:14,1
DA:15,1
DA:16,2
DA:17,0
DA:18,0
DA:19,0
DA:20,1
DA:21,1
DA:22,1
LF:22
LH:19
BRDA:1,0,0,1
BRDA:6,1,0,2
BRDA:11,2,0,1
BRDA:16,3,0,0
BRF:4
BRH:3
end_of_record
TN:
SF:sqlite\config.js
FN:3,initDatabase
FNF:1
FNH:1
FNDA:52,initDatabase
DA:1,1
DA:2,1
DA:3,1
DA:4,52
DA:5,52
DA:6,52
DA:7,1
DA:8,1
DA:9,1
LF:9
LH:9
BRDA:1,0,0,1
BRDA:3,1,0,52
BRF:2
BRH:2
end_of_record
TN:
SF:sqlite\historical\addHistorical.js
FN:3,addHistorical
FNF:1
FNH:1
FNDA:4,addHistorical
DA:1,1
DA:2,1
DA:3,1
DA:4,4
DA:5,4
DA:6,4
DA:7,4
DA:8,4
DA:9,4
DA:10,4
DA:11,4
DA:12,4
DA:13,4
DA:14,4
DA:15,0
DA:16,0
DA:17,0
DA:18,1
LF:18
LH:15
BRDA:1,0,0,1
BRDA:3,1,0,4
BRDA:14,2,0,0
BRF:3
BRH:2
end_of_record
TN:
SF:sqlite\historical\createTable.js
FN:3,createHistoricalTable
FNF:1
FNH:1
FNDA:4,createHistoricalTable
DA:1,1
DA:2,1
DA:3,1
DA:4,4
DA:5,4
DA:6,4
DA:7,4
DA:8,4
DA:9,4
DA:10,4
DA:11,4
DA:12,4
DA:13,4
DA:14,4
DA:15,4
DA:16,4
DA:17,4
DA:18,0
DA:19,4
DA:20,4
DA:21,4
DA:22,1
LF:22
LH:21
BRDA:1,0,0,1
BRDA:3,1,0,4
BRDA:17,2,0,0
BRF:3
BRH:2
end_of_record
TN:
SF:sqlite\historical\deleteHistorical.js
FN:3,deleteHistorical
FNF:1
FNH:1
FNDA:2,deleteHistorical
DA:1,1
DA:2,1
DA:3,1
DA:4,2
DA:5,2
DA:6,2
DA:7,2
DA:8,2
DA:9,2
DA:10,2
DA:11,2
DA:12,2
DA:13,1
DA:14,1
DA:15,1
DA:16,1
DA:17,1
DA:18,1
DA:19,2
DA:20,0
DA:21,0
DA:22,0
DA:23,1
LF:23
LH:20
BRDA:1,0,0,1
BRDA:3,1,0,2
BRDA:12,2,0,1
BRDA:19,3,0,0
BRF:4
BRH:3
end_of_record
TN:
SF:sqlite\historical\getHistoricalsByUserId.js
FN:3,getHistoricalsByUserId
FNF:1
FNH:1
FNDA:4,getHistoricalsByUserId
DA:1,1
DA:2,1
DA:3,1
DA:4,4
DA:5,4
DA:6,4
DA:7,4
DA:8,4
DA:9,4
DA:10,4
DA:11,4
DA:12,4
DA:13,0
DA:14,0
DA:15,0
DA:16,1
LF:16
LH:13
BRDA:1,0,0,1
BRDA:3,1,0,4
BRDA:12,2,0,0
BRF:3
BRH:2
end_of_record
TN:
SF:sqlite\messages\addMessages.js
FN:3,addMessage
FNF:1
FNH:1
FNDA:4,addMessage
DA:1,1
DA:2,1
DA:3,1
DA:4,4
DA:5,4
DA:6,4
DA:7,4
DA:8,4
DA:9,4
DA:10,4
DA:11,4
DA:12,4
DA:13,4
DA:14,0
DA:15,0
DA:16,1
LF:16
LH:14
BRDA:1,0,0,1
BRDA:3,1,0,4
BRDA:13,2,0,0
BRF:3
BRH:2
end_of_record
TN:
SF:sqlite\messages\createTable.js
FN:3,createMessagesTable
FNF:1
FNH:1
FNDA:3,createMessagesTable
DA:1,1
DA:2,1
DA:3,1
DA:4,3
DA:5,3
DA:6,3
DA:7,3
DA:8,3
DA:9,3
DA:10,3
DA:11,3
DA:12,3
DA:13,3
DA:14,3
DA:15,3
DA:16,3
DA:17,3
DA:18,3
DA:19,0
DA:20,3
DA:21,3
DA:22,3
DA:23,1
LF:23
LH:22
BRDA:1,0,0,1
BRDA:3,1,0,3
BRDA:18,2,0,0
BRF:3
BRH:2
end_of_record
TN:
SF:sqlite\messages\deleteMessagesFromHistoricalId.js
FN:3,deleteMessagesFromHistoricalId
FNF:1
FNH:1
FNDA:2,deleteMessagesFromHistoricalId
DA:1,1
DA:2,1
DA:3,1
DA:4,2
DA:5,2
DA:6,2
DA:7,2
DA:8,2
DA:9,2
DA:10,2
DA:11,2
DA:12,2
DA:13,2
DA:14,2
DA:15,2
DA:16,0
DA:17,0
DA:18,0
DA:19,0
DA:20,0
DA:21,0
DA:22,0
DA:23,1
LF:23
LH:16
BRDA:1,0,0,1
BRDA:3,1,0,2
BRDA:16,2,0,0
BRF:3
BRH:2
end_of_record
TN:
SF:sqlite\messages\getMessagesByHistoricalId.js
FN:3,getMessagesByHistoricalId
FNF:1
FNH:1
FNDA:2,getMessagesByHistoricalId
DA:1,1
DA:2,1
DA:3,1
DA:4,2
DA:5,2
DA:6,2
DA:7,2
DA:8,2
DA:9,2
DA:10,2
DA:11,2
DA:12,2
DA:13,2
DA:14,2
DA:15,8
DA:16,8
DA:17,8
DA:18,2
DA:19,2
DA:20,0
DA:21,0
DA:22,0
DA:23,1
LF:23
LH:20
BRDA:1,0,0,1
BRDA:3,1,0,2
BRDA:19,2,0,0
BRDA:14,3,0,8
BRF:4
BRH:3
end_of_record
TN:
SF:sqlite\users\addUser.js
FN:3,addUser
FNF:1
FNH:1
FNDA:5,addUser
DA:1,1
DA:2,1
DA:3,1
DA:4,5
DA:5,5
DA:6,5
DA:7,5
DA:8,5
DA:9,5
DA:10,5
DA:11,5
DA:12,5
DA:13,5
DA:14,5
DA:15,5
DA:16,0
DA:17,0
DA:18,0
DA:19,1
LF:19
LH:16
BRDA:1,0,0,1
BRDA:3,1,0,5
BRDA:12,2,0,0
BRDA:15,3,0,0
BRF:4
BRH:2
end_of_record
TN:
SF:sqlite\users\createTable.js
FN:3,createUserTable
FNF:1
FNH:1
FNDA:4,createUserTable
DA:1,1
DA:2,1
DA:3,1
DA:4,4
DA:5,4
DA:6,4
DA:7,4
DA:8,4
DA:9,4
DA:10,4
DA:11,4
DA:12,4
DA:13,4
DA:14,4
DA:15,4
DA:16,4
DA:17,0
DA:18,4
DA:19,4
DA:20,4
DA:21,1
LF:21
LH:20
BRDA:1,0,0,1
BRDA:3,1,0,4
BRDA:16,2,0,0
BRF:3
BRH:2
end_of_record
TN:
SF:sqlite\users\getUser.js
FN:3,getUserByIdentifiant
FN:15,getUserById
FNF:2
FNH:2
FNDA:16,getUserByIdentifiant
FNDA:2,getUserById
DA:1,1
DA:2,1
DA:3,1
DA:4,16
DA:5,16
DA:6,16
DA:7,16
DA:8,16
DA:9,16
DA:10,0
DA:11,0
DA:12,0
DA:13,1
DA:14,1
DA:15,1
DA:16,2
DA:17,2
DA:18,2
DA:19,2
DA:20,2
DA:21,2
DA:22,2
DA:23,0
DA:24,0
DA:25,0
DA:26,1
LF:26
LH:20
BRDA:1,0,0,1
BRDA:3,1,0,16
BRDA:8,2,0,10
BRDA:9,3,0,0
BRDA:15,4,0,2
BRDA:21,5,0,1
BRDA:22,6,0,0
BRF:7
BRH:5
end_of_record
